[2025-03-28T10:33:28.176+0800] {manager.py:483} INFO - Processing files using up to 1 processes at a time 
[2025-03-28T10:33:28.176+0800] {manager.py:484} INFO - Process each file at most once every 30 seconds
[2025-03-28T10:33:28.176+0800] {manager.py:485} INFO - Checking for new files in /root/bt4301-group-5/airflow/dags every 300 seconds
[2025-03-28T10:33:28.176+0800] {manager.py:821} INFO - Searching for files in /root/bt4301-group-5/airflow/dags
[2025-03-28T10:33:28.176+0800] {manager.py:824} INFO - There are 0 files in /root/bt4301-group-5/airflow/dags
[2025-03-28T10:38:28.287+0800] {manager.py:821} INFO - Searching for files in /root/bt4301-group-5/airflow/dags
[2025-03-28T10:38:28.291+0800] {manager.py:824} INFO - There are 1 files in /root/bt4301-group-5/airflow/dags
[2025-03-28T10:38:29.008+0800] {manager.py:997} INFO - 
================================================================================
DAG File Processing Stats

File Path                                                  PID    Runtime      # DAGs    # Errors  Last Runtime    Last Run               Last # of DB Queries
---------------------------------------------------------  -----  ---------  --------  ----------  --------------  -------------------  ----------------------
/root/bt4301-group-5/airflow/dags/datapipeline-airflow.py                           1           0  0.21s           2025-03-28T02:38:28                      45
================================================================================
[2025-03-28T10:38:59.304+0800] {manager.py:997} INFO - 
================================================================================
DAG File Processing Stats

File Path                                                  PID    Runtime      # DAGs    # Errors  Last Runtime    Last Run               Last # of DB Queries
---------------------------------------------------------  -----  ---------  --------  ----------  --------------  -------------------  ----------------------
/root/bt4301-group-5/airflow/dags/datapipeline-airflow.py                           1           0  0.22s           2025-03-28T02:38:59                      12
================================================================================
[2025-03-28T10:39:29.496+0800] {manager.py:997} INFO - 
================================================================================
DAG File Processing Stats

File Path                                                  PID    Runtime      # DAGs    # Errors  Last Runtime    Last Run               Last # of DB Queries
---------------------------------------------------------  -----  ---------  --------  ----------  --------------  -------------------  ----------------------
/root/bt4301-group-5/airflow/dags/datapipeline-airflow.py                           1           0  0.11s           2025-03-28T02:39:29                      12
================================================================================
[2025-03-28T10:39:59.585+0800] {manager.py:997} INFO - 
================================================================================
DAG File Processing Stats

File Path                                                  PID    Runtime      # DAGs    # Errors  Last Runtime    Last Run               Last # of DB Queries
---------------------------------------------------------  -----  ---------  --------  ----------  --------------  -------------------  ----------------------
/root/bt4301-group-5/airflow/dags/datapipeline-airflow.py                           1           0  0.21s           2025-03-28T02:39:58                      45
================================================================================
[2025-03-28T10:40:29.639+0800] {manager.py:997} INFO - 
================================================================================
DAG File Processing Stats

File Path                                                  PID    Runtime      # DAGs    # Errors  Last Runtime    Last Run               Last # of DB Queries
---------------------------------------------------------  -----  ---------  --------  ----------  --------------  -------------------  ----------------------
/root/bt4301-group-5/airflow/dags/datapipeline-airflow.py                           1           0  0.11s           2025-03-28T02:40:07                      11
================================================================================
[2025-03-28T10:40:59.743+0800] {manager.py:997} INFO - 
================================================================================
DAG File Processing Stats

File Path                                                  PID    Runtime      # DAGs    # Errors  Last Runtime    Last Run               Last # of DB Queries
---------------------------------------------------------  -----  ---------  --------  ----------  --------------  -------------------  ----------------------
/root/bt4301-group-5/airflow/dags/datapipeline-airflow.py                           1           0  0.21s           2025-03-28T02:40:38                      34
================================================================================
[2025-03-28T10:41:29.826+0800] {manager.py:997} INFO - 
================================================================================
DAG File Processing Stats

File Path                                                  PID    Runtime      # DAGs    # Errors  Last Runtime    Last Run               Last # of DB Queries
---------------------------------------------------------  -----  ---------  --------  ----------  --------------  -------------------  ----------------------
/root/bt4301-group-5/airflow/dags/datapipeline-airflow.py                           1           0  0.11s           2025-03-28T02:41:08                      12
================================================================================
[2025-03-28T10:41:59.830+0800] {manager.py:997} INFO - 
================================================================================
DAG File Processing Stats

File Path                                                  PID    Runtime      # DAGs    # Errors  Last Runtime    Last Run               Last # of DB Queries
---------------------------------------------------------  -----  ---------  --------  ----------  --------------  -------------------  ----------------------
/root/bt4301-group-5/airflow/dags/datapipeline-airflow.py                           1           0  0.11s           2025-03-28T02:41:38                      12
================================================================================
[2025-03-28T10:42:30.004+0800] {manager.py:997} INFO - 
================================================================================
DAG File Processing Stats

File Path                                                  PID    Runtime      # DAGs    # Errors  Last Runtime    Last Run               Last # of DB Queries
---------------------------------------------------------  -----  ---------  --------  ----------  --------------  -------------------  ----------------------
/root/bt4301-group-5/airflow/dags/datapipeline-airflow.py                           1           0  0.10s           2025-03-28T02:42:08                      12
================================================================================
[2025-03-28T10:43:00.095+0800] {manager.py:997} INFO - 
================================================================================
DAG File Processing Stats

File Path                                                  PID    Runtime      # DAGs    # Errors  Last Runtime    Last Run               Last # of DB Queries
---------------------------------------------------------  -----  ---------  --------  ----------  --------------  -------------------  ----------------------
/root/bt4301-group-5/airflow/dags/datapipeline-airflow.py                           1           0  0.11s           2025-03-28T02:42:39                      12
================================================================================
[2025-03-28T10:43:28.335+0800] {manager.py:821} INFO - Searching for files in /root/bt4301-group-5/airflow/dags
[2025-03-28T10:43:28.339+0800] {manager.py:824} INFO - There are 1 files in /root/bt4301-group-5/airflow/dags
[2025-03-28T10:43:30.176+0800] {manager.py:997} INFO - 
================================================================================
DAG File Processing Stats

File Path                                                  PID    Runtime      # DAGs    # Errors  Last Runtime    Last Run               Last # of DB Queries
---------------------------------------------------------  -----  ---------  --------  ----------  --------------  -------------------  ----------------------
/root/bt4301-group-5/airflow/dags/datapipeline-airflow.py                           1           0  0.11s           2025-03-28T02:43:09                      12
================================================================================
[2025-03-28T10:44:00.225+0800] {manager.py:997} INFO - 
================================================================================
DAG File Processing Stats

File Path                                                  PID    Runtime      # DAGs    # Errors  Last Runtime    Last Run               Last # of DB Queries
---------------------------------------------------------  -----  ---------  --------  ----------  --------------  -------------------  ----------------------
/root/bt4301-group-5/airflow/dags/datapipeline-airflow.py                           1           0  0.10s           2025-03-28T02:43:39                      12
================================================================================
[2025-03-28T10:44:30.370+0800] {manager.py:997} INFO - 
================================================================================
DAG File Processing Stats

File Path                                                  PID    Runtime      # DAGs    # Errors  Last Runtime    Last Run               Last # of DB Queries
---------------------------------------------------------  -----  ---------  --------  ----------  --------------  -------------------  ----------------------
/root/bt4301-group-5/airflow/dags/datapipeline-airflow.py                           1           0  0.11s           2025-03-28T02:44:10                      12
================================================================================
[2025-03-28T10:45:00.438+0800] {manager.py:997} INFO - 
================================================================================
DAG File Processing Stats

File Path                                                  PID    Runtime      # DAGs    # Errors  Last Runtime    Last Run               Last # of DB Queries
---------------------------------------------------------  -----  ---------  --------  ----------  --------------  -------------------  ----------------------
/root/bt4301-group-5/airflow/dags/datapipeline-airflow.py                           1           0  0.11s           2025-03-28T02:44:40                      12
================================================================================
[2025-03-28T10:45:30.522+0800] {manager.py:997} INFO - 
================================================================================
DAG File Processing Stats

File Path                                                  PID    Runtime      # DAGs    # Errors  Last Runtime    Last Run               Last # of DB Queries
---------------------------------------------------------  -----  ---------  --------  ----------  --------------  -------------------  ----------------------
/root/bt4301-group-5/airflow/dags/datapipeline-airflow.py                           1           0  0.11s           2025-03-28T02:45:10                      12
================================================================================
[2025-03-28T10:46:00.598+0800] {manager.py:997} INFO - 
================================================================================
DAG File Processing Stats

File Path                                                  PID    Runtime      # DAGs    # Errors  Last Runtime    Last Run               Last # of DB Queries
---------------------------------------------------------  -----  ---------  --------  ----------  --------------  -------------------  ----------------------
/root/bt4301-group-5/airflow/dags/datapipeline-airflow.py                           1           0  0.11s           2025-03-28T02:45:41                      12
================================================================================
[2025-03-28T10:46:30.678+0800] {manager.py:997} INFO - 
================================================================================
DAG File Processing Stats

File Path                                                  PID    Runtime      # DAGs    # Errors  Last Runtime    Last Run               Last # of DB Queries
---------------------------------------------------------  -----  ---------  --------  ----------  --------------  -------------------  ----------------------
/root/bt4301-group-5/airflow/dags/datapipeline-airflow.py                           1           0  0.11s           2025-03-28T02:46:11                      12
================================================================================
[2025-03-28T10:47:00.766+0800] {manager.py:997} INFO - 
================================================================================
DAG File Processing Stats

File Path                                                  PID    Runtime      # DAGs    # Errors  Last Runtime    Last Run               Last # of DB Queries
---------------------------------------------------------  -----  ---------  --------  ----------  --------------  -------------------  ----------------------
/root/bt4301-group-5/airflow/dags/datapipeline-airflow.py                           1           0  0.11s           2025-03-28T02:46:41                      12
================================================================================
[2025-03-28T10:47:30.832+0800] {manager.py:997} INFO - 
================================================================================
DAG File Processing Stats

File Path                                                  PID    Runtime      # DAGs    # Errors  Last Runtime    Last Run               Last # of DB Queries
---------------------------------------------------------  -----  ---------  --------  ----------  --------------  -------------------  ----------------------
/root/bt4301-group-5/airflow/dags/datapipeline-airflow.py                           1           0  0.11s           2025-03-28T02:47:11                      12
================================================================================
[2025-03-28T10:48:00.920+0800] {manager.py:997} INFO - 
================================================================================
DAG File Processing Stats

File Path                                                  PID    Runtime      # DAGs    # Errors  Last Runtime    Last Run               Last # of DB Queries
---------------------------------------------------------  -----  ---------  --------  ----------  --------------  -------------------  ----------------------
/root/bt4301-group-5/airflow/dags/datapipeline-airflow.py                           1           0  0.11s           2025-03-28T02:47:42                      12
================================================================================
[2025-03-28T10:48:28.340+0800] {manager.py:821} INFO - Searching for files in /root/bt4301-group-5/airflow/dags
[2025-03-28T10:48:28.344+0800] {manager.py:824} INFO - There are 1 files in /root/bt4301-group-5/airflow/dags
[2025-03-28T10:48:31.019+0800] {manager.py:997} INFO - 
================================================================================
DAG File Processing Stats

File Path                                                  PID    Runtime      # DAGs    # Errors  Last Runtime    Last Run               Last # of DB Queries
---------------------------------------------------------  -----  ---------  --------  ----------  --------------  -------------------  ----------------------
/root/bt4301-group-5/airflow/dags/datapipeline-airflow.py                           1           0  0.11s           2025-03-28T02:48:12                      12
================================================================================
[2025-03-28T10:49:01.093+0800] {manager.py:997} INFO - 
================================================================================
DAG File Processing Stats

File Path                                                  PID    Runtime      # DAGs    # Errors  Last Runtime    Last Run               Last # of DB Queries
---------------------------------------------------------  -----  ---------  --------  ----------  --------------  -------------------  ----------------------
/root/bt4301-group-5/airflow/dags/datapipeline-airflow.py                           1           0  0.11s           2025-03-28T02:48:42                      12
================================================================================
