[2025-03-28T10:38:28.328+0800] {processor.py:186} INFO - Started process (PID=42676) to work on /root/bt4301-group-5/airflow/dags/datapipeline-airflow.py
[2025-03-28T10:38:28.329+0800] {processor.py:914} INFO - Processing file /root/bt4301-group-5/airflow/dags/datapipeline-airflow.py for tasks to queue
[2025-03-28T10:38:28.331+0800] {logging_mixin.py:190} INFO - [2025-03-28T10:38:28.330+0800] {dagbag.py:588} INFO - Filling up the DagBag from /root/bt4301-group-5/airflow/dags/datapipeline-airflow.py
[2025-03-28T10:38:28.342+0800] {processor.py:925} INFO - DAG(s) 'tutorial_airflow' retrieved from /root/bt4301-group-5/airflow/dags/datapipeline-airflow.py
[2025-03-28T10:38:28.409+0800] {logging_mixin.py:190} INFO - [2025-03-28T10:38:28.409+0800] {override.py:1901} INFO - Created Permission View: can read on DAG:tutorial_airflow
[2025-03-28T10:38:28.414+0800] {logging_mixin.py:190} INFO - [2025-03-28T10:38:28.414+0800] {override.py:1901} INFO - Created Permission View: can edit on DAG:tutorial_airflow
[2025-03-28T10:38:28.417+0800] {logging_mixin.py:190} INFO - [2025-03-28T10:38:28.417+0800] {override.py:1901} INFO - Created Permission View: can delete on DAG:tutorial_airflow
[2025-03-28T10:38:28.421+0800] {logging_mixin.py:190} INFO - [2025-03-28T10:38:28.421+0800] {override.py:1901} INFO - Created Permission View: can read on DAG Run:tutorial_airflow
[2025-03-28T10:38:28.424+0800] {logging_mixin.py:190} INFO - [2025-03-28T10:38:28.424+0800] {override.py:1901} INFO - Created Permission View: can create on DAG Run:tutorial_airflow
[2025-03-28T10:38:28.426+0800] {logging_mixin.py:190} INFO - [2025-03-28T10:38:28.426+0800] {override.py:1901} INFO - Created Permission View: menu access on DAG Run:tutorial_airflow
[2025-03-28T10:38:28.429+0800] {logging_mixin.py:190} INFO - [2025-03-28T10:38:28.429+0800] {override.py:1901} INFO - Created Permission View: can delete on DAG Run:tutorial_airflow
[2025-03-28T10:38:28.429+0800] {logging_mixin.py:190} INFO - [2025-03-28T10:38:28.429+0800] {dag.py:3239} INFO - Sync 1 DAGs
[2025-03-28T10:38:28.435+0800] {logging_mixin.py:190} INFO - [2025-03-28T10:38:28.435+0800] {dag.py:3262} INFO - Creating ORM DAG for tutorial_airflow
[2025-03-28T10:38:28.440+0800] {logging_mixin.py:190} INFO - [2025-03-28T10:38:28.440+0800] {dag.py:4180} INFO - Setting next_dagrun for tutorial_airflow to 2025-03-28 02:38:00+00:00, run_after=2025-03-28 02:39:00+00:00
[2025-03-28T10:38:28.447+0800] {processor.py:208} INFO - Processing /root/bt4301-group-5/airflow/dags/datapipeline-airflow.py took 0.124 seconds
[2025-03-28T10:38:59.129+0800] {processor.py:186} INFO - Started process (PID=43080) to work on /root/bt4301-group-5/airflow/dags/datapipeline-airflow.py
[2025-03-28T10:38:59.132+0800] {processor.py:914} INFO - Processing file /root/bt4301-group-5/airflow/dags/datapipeline-airflow.py for tasks to queue
[2025-03-28T10:38:59.136+0800] {logging_mixin.py:190} INFO - [2025-03-28T10:38:59.135+0800] {dagbag.py:588} INFO - Filling up the DagBag from /root/bt4301-group-5/airflow/dags/datapipeline-airflow.py
[2025-03-28T10:38:59.155+0800] {processor.py:925} INFO - DAG(s) 'tutorial_airflow' retrieved from /root/bt4301-group-5/airflow/dags/datapipeline-airflow.py
[2025-03-28T10:38:59.174+0800] {logging_mixin.py:190} INFO - [2025-03-28T10:38:59.174+0800] {dag.py:3239} INFO - Sync 1 DAGs
[2025-03-28T10:38:59.190+0800] {logging_mixin.py:190} INFO - [2025-03-28T10:38:59.190+0800] {dag.py:4180} INFO - Setting next_dagrun for tutorial_airflow to 2025-03-28 02:38:00+00:00, run_after=2025-03-28 02:39:00+00:00
[2025-03-28T10:38:59.202+0800] {processor.py:208} INFO - Processing /root/bt4301-group-5/airflow/dags/datapipeline-airflow.py took 0.091 seconds
[2025-03-28T10:39:29.412+0800] {processor.py:186} INFO - Started process (PID=43384) to work on /root/bt4301-group-5/airflow/dags/datapipeline-airflow.py
[2025-03-28T10:39:29.414+0800] {processor.py:914} INFO - Processing file /root/bt4301-group-5/airflow/dags/datapipeline-airflow.py for tasks to queue
[2025-03-28T10:39:29.417+0800] {logging_mixin.py:190} INFO - [2025-03-28T10:39:29.416+0800] {dagbag.py:588} INFO - Filling up the DagBag from /root/bt4301-group-5/airflow/dags/datapipeline-airflow.py
[2025-03-28T10:39:29.432+0800] {processor.py:925} INFO - DAG(s) 'tutorial_airflow' retrieved from /root/bt4301-group-5/airflow/dags/datapipeline-airflow.py
[2025-03-28T10:39:29.450+0800] {logging_mixin.py:190} INFO - [2025-03-28T10:39:29.450+0800] {dag.py:3239} INFO - Sync 1 DAGs
[2025-03-28T10:39:29.463+0800] {logging_mixin.py:190} INFO - [2025-03-28T10:39:29.462+0800] {dag.py:4180} INFO - Setting next_dagrun for tutorial_airflow to 2025-03-28 02:38:00+00:00, run_after=2025-03-28 02:39:00+00:00
[2025-03-28T10:39:29.474+0800] {processor.py:208} INFO - Processing /root/bt4301-group-5/airflow/dags/datapipeline-airflow.py took 0.071 seconds
[2025-03-28T10:39:58.685+0800] {processor.py:186} INFO - Started process (PID=43927) to work on /root/bt4301-group-5/airflow/dags/datapipeline-airflow.py
[2025-03-28T10:39:58.688+0800] {processor.py:914} INFO - Processing file /root/bt4301-group-5/airflow/dags/datapipeline-airflow.py for tasks to queue
[2025-03-28T10:39:58.691+0800] {logging_mixin.py:190} INFO - [2025-03-28T10:39:58.690+0800] {dagbag.py:588} INFO - Filling up the DagBag from /root/bt4301-group-5/airflow/dags/datapipeline-airflow.py
[2025-03-28T10:39:58.707+0800] {processor.py:925} INFO - DAG(s) 'datapipeline-airflow' retrieved from /root/bt4301-group-5/airflow/dags/datapipeline-airflow.py
[2025-03-28T10:39:58.766+0800] {logging_mixin.py:190} INFO - [2025-03-28T10:39:58.766+0800] {override.py:1901} INFO - Created Permission View: can read on DAG:datapipeline-airflow
[2025-03-28T10:39:58.770+0800] {logging_mixin.py:190} INFO - [2025-03-28T10:39:58.770+0800] {override.py:1901} INFO - Created Permission View: can edit on DAG:datapipeline-airflow
[2025-03-28T10:39:58.773+0800] {logging_mixin.py:190} INFO - [2025-03-28T10:39:58.773+0800] {override.py:1901} INFO - Created Permission View: can delete on DAG:datapipeline-airflow
[2025-03-28T10:39:58.777+0800] {logging_mixin.py:190} INFO - [2025-03-28T10:39:58.777+0800] {override.py:1901} INFO - Created Permission View: can read on DAG Run:datapipeline-airflow
[2025-03-28T10:39:58.779+0800] {logging_mixin.py:190} INFO - [2025-03-28T10:39:58.779+0800] {override.py:1901} INFO - Created Permission View: can create on DAG Run:datapipeline-airflow
[2025-03-28T10:39:58.782+0800] {logging_mixin.py:190} INFO - [2025-03-28T10:39:58.782+0800] {override.py:1901} INFO - Created Permission View: menu access on DAG Run:datapipeline-airflow
[2025-03-28T10:39:58.784+0800] {logging_mixin.py:190} INFO - [2025-03-28T10:39:58.784+0800] {override.py:1901} INFO - Created Permission View: can delete on DAG Run:datapipeline-airflow
[2025-03-28T10:39:58.784+0800] {logging_mixin.py:190} INFO - [2025-03-28T10:39:58.784+0800] {dag.py:3239} INFO - Sync 1 DAGs
[2025-03-28T10:39:58.790+0800] {logging_mixin.py:190} INFO - [2025-03-28T10:39:58.790+0800] {dag.py:3262} INFO - Creating ORM DAG for datapipeline-airflow
[2025-03-28T10:39:58.796+0800] {logging_mixin.py:190} INFO - [2025-03-28T10:39:58.795+0800] {dag.py:4180} INFO - Setting next_dagrun for datapipeline-airflow to 2025-03-28 02:38:00+00:00, run_after=2025-03-28 02:39:00+00:00
[2025-03-28T10:39:58.803+0800] {processor.py:208} INFO - Processing /root/bt4301-group-5/airflow/dags/datapipeline-airflow.py took 0.125 seconds
[2025-03-28T10:40:02.684+0800] {processor.py:186} INFO - Started process (PID=43968) to work on /root/bt4301-group-5/airflow/dags/datapipeline-airflow.py
[2025-03-28T10:40:02.685+0800] {processor.py:914} INFO - Processing file /root/bt4301-group-5/airflow/dags/datapipeline-airflow.py for tasks to queue
[2025-03-28T10:40:02.686+0800] {logging_mixin.py:190} INFO - [2025-03-28T10:40:02.686+0800] {dagbag.py:588} INFO - Filling up the DagBag from /root/bt4301-group-5/airflow/dags/datapipeline-airflow.py
[2025-03-28T10:40:02.695+0800] {processor.py:925} INFO - DAG(s) 'datapipeline-airflow' retrieved from /root/bt4301-group-5/airflow/dags/datapipeline-airflow.py
[2025-03-28T10:40:02.700+0800] {logging_mixin.py:190} INFO - [2025-03-28T10:40:02.700+0800] {dag.py:3239} INFO - Sync 1 DAGs
[2025-03-28T10:40:02.709+0800] {logging_mixin.py:190} INFO - [2025-03-28T10:40:02.709+0800] {dag.py:4180} INFO - Setting next_dagrun for datapipeline-airflow to 2025-03-28 02:39:00+00:00, run_after=2025-03-28 02:40:00+00:00
[2025-03-28T10:40:02.719+0800] {processor.py:208} INFO - Processing /root/bt4301-group-5/airflow/dags/datapipeline-airflow.py took 0.040 seconds
[2025-03-28T10:40:07.749+0800] {processor.py:186} INFO - Started process (PID=44016) to work on /root/bt4301-group-5/airflow/dags/datapipeline-airflow.py
[2025-03-28T10:40:07.750+0800] {processor.py:914} INFO - Processing file /root/bt4301-group-5/airflow/dags/datapipeline-airflow.py for tasks to queue
[2025-03-28T10:40:07.752+0800] {logging_mixin.py:190} INFO - [2025-03-28T10:40:07.752+0800] {dagbag.py:588} INFO - Filling up the DagBag from /root/bt4301-group-5/airflow/dags/datapipeline-airflow.py
[2025-03-28T10:40:07.767+0800] {processor.py:925} INFO - DAG(s) 'datapipeline-airflow' retrieved from /root/bt4301-group-5/airflow/dags/datapipeline-airflow.py
[2025-03-28T10:40:07.776+0800] {logging_mixin.py:190} INFO - [2025-03-28T10:40:07.776+0800] {dag.py:3239} INFO - Sync 1 DAGs
[2025-03-28T10:40:07.789+0800] {logging_mixin.py:190} INFO - [2025-03-28T10:40:07.788+0800] {dag.py:4180} INFO - Setting next_dagrun for datapipeline-airflow to 2025-03-28 02:39:00+00:00, run_after=2025-03-28 02:40:00+00:00
[2025-03-28T10:40:07.798+0800] {processor.py:208} INFO - Processing /root/bt4301-group-5/airflow/dags/datapipeline-airflow.py took 0.057 seconds
[2025-03-28T10:40:38.065+0800] {processor.py:186} INFO - Started process (PID=44638) to work on /root/bt4301-group-5/airflow/dags/datapipeline-airflow.py
[2025-03-28T10:40:38.067+0800] {processor.py:914} INFO - Processing file /root/bt4301-group-5/airflow/dags/datapipeline-airflow.py for tasks to queue
[2025-03-28T10:40:38.072+0800] {logging_mixin.py:190} INFO - [2025-03-28T10:40:38.071+0800] {dagbag.py:588} INFO - Filling up the DagBag from /root/bt4301-group-5/airflow/dags/datapipeline-airflow.py
[2025-03-28T10:40:38.092+0800] {processor.py:925} INFO - DAG(s) 'datapipeline-airflow' retrieved from /root/bt4301-group-5/airflow/dags/datapipeline-airflow.py
[2025-03-28T10:40:38.162+0800] {logging_mixin.py:190} INFO - [2025-03-28T10:40:38.162+0800] {dag.py:3239} INFO - Sync 1 DAGs
[2025-03-28T10:40:38.171+0800] {logging_mixin.py:190} INFO - [2025-03-28T10:40:38.171+0800] {dag.py:4180} INFO - Setting next_dagrun for datapipeline-airflow to 2025-03-28 02:39:00+00:00, run_after=2025-03-28 02:40:00+00:00
[2025-03-28T10:40:38.182+0800] {processor.py:208} INFO - Processing /root/bt4301-group-5/airflow/dags/datapipeline-airflow.py took 0.126 seconds
[2025-03-28T10:41:08.302+0800] {processor.py:186} INFO - Started process (PID=44942) to work on /root/bt4301-group-5/airflow/dags/datapipeline-airflow.py
[2025-03-28T10:41:08.303+0800] {processor.py:914} INFO - Processing file /root/bt4301-group-5/airflow/dags/datapipeline-airflow.py for tasks to queue
[2025-03-28T10:41:08.306+0800] {logging_mixin.py:190} INFO - [2025-03-28T10:41:08.305+0800] {dagbag.py:588} INFO - Filling up the DagBag from /root/bt4301-group-5/airflow/dags/datapipeline-airflow.py
[2025-03-28T10:41:08.321+0800] {processor.py:925} INFO - DAG(s) 'datapipeline-airflow' retrieved from /root/bt4301-group-5/airflow/dags/datapipeline-airflow.py
[2025-03-28T10:41:08.340+0800] {logging_mixin.py:190} INFO - [2025-03-28T10:41:08.339+0800] {dag.py:3239} INFO - Sync 1 DAGs
[2025-03-28T10:41:08.350+0800] {logging_mixin.py:190} INFO - [2025-03-28T10:41:08.350+0800] {dag.py:4180} INFO - Setting next_dagrun for datapipeline-airflow to 2025-03-28 02:40:00+00:00, run_after=2025-03-28 02:41:00+00:00
[2025-03-28T10:41:08.358+0800] {processor.py:208} INFO - Processing /root/bt4301-group-5/airflow/dags/datapipeline-airflow.py took 0.065 seconds
[2025-03-28T10:41:38.616+0800] {processor.py:186} INFO - Started process (PID=45311) to work on /root/bt4301-group-5/airflow/dags/datapipeline-airflow.py
[2025-03-28T10:41:38.619+0800] {processor.py:914} INFO - Processing file /root/bt4301-group-5/airflow/dags/datapipeline-airflow.py for tasks to queue
[2025-03-28T10:41:38.624+0800] {logging_mixin.py:190} INFO - [2025-03-28T10:41:38.623+0800] {dagbag.py:588} INFO - Filling up the DagBag from /root/bt4301-group-5/airflow/dags/datapipeline-airflow.py
[2025-03-28T10:41:38.649+0800] {processor.py:925} INFO - DAG(s) 'datapipeline-airflow' retrieved from /root/bt4301-group-5/airflow/dags/datapipeline-airflow.py
[2025-03-28T10:41:38.668+0800] {logging_mixin.py:190} INFO - [2025-03-28T10:41:38.668+0800] {dag.py:3239} INFO - Sync 1 DAGs
[2025-03-28T10:41:38.680+0800] {logging_mixin.py:190} INFO - [2025-03-28T10:41:38.680+0800] {dag.py:4180} INFO - Setting next_dagrun for datapipeline-airflow to 2025-03-28 02:40:00+00:00, run_after=2025-03-28 02:41:00+00:00
[2025-03-28T10:41:38.689+0800] {processor.py:208} INFO - Processing /root/bt4301-group-5/airflow/dags/datapipeline-airflow.py took 0.083 seconds
[2025-03-28T10:42:08.887+0800] {processor.py:186} INFO - Started process (PID=45707) to work on /root/bt4301-group-5/airflow/dags/datapipeline-airflow.py
[2025-03-28T10:42:08.889+0800] {processor.py:914} INFO - Processing file /root/bt4301-group-5/airflow/dags/datapipeline-airflow.py for tasks to queue
[2025-03-28T10:42:08.891+0800] {logging_mixin.py:190} INFO - [2025-03-28T10:42:08.890+0800] {dagbag.py:588} INFO - Filling up the DagBag from /root/bt4301-group-5/airflow/dags/datapipeline-airflow.py
[2025-03-28T10:42:08.900+0800] {processor.py:925} INFO - DAG(s) 'datapipeline-airflow' retrieved from /root/bt4301-group-5/airflow/dags/datapipeline-airflow.py
[2025-03-28T10:42:08.912+0800] {logging_mixin.py:190} INFO - [2025-03-28T10:42:08.912+0800] {dag.py:3239} INFO - Sync 1 DAGs
[2025-03-28T10:42:08.921+0800] {logging_mixin.py:190} INFO - [2025-03-28T10:42:08.921+0800] {dag.py:4180} INFO - Setting next_dagrun for datapipeline-airflow to 2025-03-28 02:41:00+00:00, run_after=2025-03-28 02:42:00+00:00
[2025-03-28T10:42:08.929+0800] {processor.py:208} INFO - Processing /root/bt4301-group-5/airflow/dags/datapipeline-airflow.py took 0.048 seconds
[2025-03-28T10:42:39.218+0800] {processor.py:186} INFO - Started process (PID=46109) to work on /root/bt4301-group-5/airflow/dags/datapipeline-airflow.py
[2025-03-28T10:42:39.221+0800] {processor.py:914} INFO - Processing file /root/bt4301-group-5/airflow/dags/datapipeline-airflow.py for tasks to queue
[2025-03-28T10:42:39.224+0800] {logging_mixin.py:190} INFO - [2025-03-28T10:42:39.223+0800] {dagbag.py:588} INFO - Filling up the DagBag from /root/bt4301-group-5/airflow/dags/datapipeline-airflow.py
[2025-03-28T10:42:39.239+0800] {processor.py:925} INFO - DAG(s) 'datapipeline-airflow' retrieved from /root/bt4301-group-5/airflow/dags/datapipeline-airflow.py
[2025-03-28T10:42:39.257+0800] {logging_mixin.py:190} INFO - [2025-03-28T10:42:39.257+0800] {dag.py:3239} INFO - Sync 1 DAGs
[2025-03-28T10:42:39.269+0800] {logging_mixin.py:190} INFO - [2025-03-28T10:42:39.269+0800] {dag.py:4180} INFO - Setting next_dagrun for datapipeline-airflow to 2025-03-28 02:41:00+00:00, run_after=2025-03-28 02:42:00+00:00
[2025-03-28T10:42:39.279+0800] {processor.py:208} INFO - Processing /root/bt4301-group-5/airflow/dags/datapipeline-airflow.py took 0.071 seconds
[2025-03-28T10:43:09.510+0800] {processor.py:186} INFO - Started process (PID=46418) to work on /root/bt4301-group-5/airflow/dags/datapipeline-airflow.py
[2025-03-28T10:43:09.511+0800] {processor.py:914} INFO - Processing file /root/bt4301-group-5/airflow/dags/datapipeline-airflow.py for tasks to queue
[2025-03-28T10:43:09.516+0800] {logging_mixin.py:190} INFO - [2025-03-28T10:43:09.514+0800] {dagbag.py:588} INFO - Filling up the DagBag from /root/bt4301-group-5/airflow/dags/datapipeline-airflow.py
[2025-03-28T10:43:09.534+0800] {processor.py:925} INFO - DAG(s) 'datapipeline-airflow' retrieved from /root/bt4301-group-5/airflow/dags/datapipeline-airflow.py
[2025-03-28T10:43:09.554+0800] {logging_mixin.py:190} INFO - [2025-03-28T10:43:09.554+0800] {dag.py:3239} INFO - Sync 1 DAGs
[2025-03-28T10:43:09.566+0800] {logging_mixin.py:190} INFO - [2025-03-28T10:43:09.566+0800] {dag.py:4180} INFO - Setting next_dagrun for datapipeline-airflow to 2025-03-28 02:42:00+00:00, run_after=2025-03-28 02:43:00+00:00
[2025-03-28T10:43:09.576+0800] {processor.py:208} INFO - Processing /root/bt4301-group-5/airflow/dags/datapipeline-airflow.py took 0.076 seconds
[2025-03-28T10:43:39.761+0800] {processor.py:186} INFO - Started process (PID=46875) to work on /root/bt4301-group-5/airflow/dags/datapipeline-airflow.py
[2025-03-28T10:43:39.761+0800] {processor.py:914} INFO - Processing file /root/bt4301-group-5/airflow/dags/datapipeline-airflow.py for tasks to queue
[2025-03-28T10:43:39.763+0800] {logging_mixin.py:190} INFO - [2025-03-28T10:43:39.763+0800] {dagbag.py:588} INFO - Filling up the DagBag from /root/bt4301-group-5/airflow/dags/datapipeline-airflow.py
[2025-03-28T10:43:39.774+0800] {processor.py:925} INFO - DAG(s) 'datapipeline-airflow' retrieved from /root/bt4301-group-5/airflow/dags/datapipeline-airflow.py
[2025-03-28T10:43:39.787+0800] {logging_mixin.py:190} INFO - [2025-03-28T10:43:39.787+0800] {dag.py:3239} INFO - Sync 1 DAGs
[2025-03-28T10:43:39.797+0800] {logging_mixin.py:190} INFO - [2025-03-28T10:43:39.797+0800] {dag.py:4180} INFO - Setting next_dagrun for datapipeline-airflow to 2025-03-28 02:42:00+00:00, run_after=2025-03-28 02:43:00+00:00
[2025-03-28T10:43:39.805+0800] {processor.py:208} INFO - Processing /root/bt4301-group-5/airflow/dags/datapipeline-airflow.py took 0.047 seconds
[2025-03-28T10:44:10.069+0800] {processor.py:186} INFO - Started process (PID=47178) to work on /root/bt4301-group-5/airflow/dags/datapipeline-airflow.py
[2025-03-28T10:44:10.070+0800] {processor.py:914} INFO - Processing file /root/bt4301-group-5/airflow/dags/datapipeline-airflow.py for tasks to queue
[2025-03-28T10:44:10.073+0800] {logging_mixin.py:190} INFO - [2025-03-28T10:44:10.072+0800] {dagbag.py:588} INFO - Filling up the DagBag from /root/bt4301-group-5/airflow/dags/datapipeline-airflow.py
[2025-03-28T10:44:10.087+0800] {processor.py:925} INFO - DAG(s) 'datapipeline-airflow' retrieved from /root/bt4301-group-5/airflow/dags/datapipeline-airflow.py
[2025-03-28T10:44:10.105+0800] {logging_mixin.py:190} INFO - [2025-03-28T10:44:10.105+0800] {dag.py:3239} INFO - Sync 1 DAGs
[2025-03-28T10:44:10.116+0800] {logging_mixin.py:190} INFO - [2025-03-28T10:44:10.116+0800] {dag.py:4180} INFO - Setting next_dagrun for datapipeline-airflow to 2025-03-28 02:43:00+00:00, run_after=2025-03-28 02:44:00+00:00
[2025-03-28T10:44:10.125+0800] {processor.py:208} INFO - Processing /root/bt4301-group-5/airflow/dags/datapipeline-airflow.py took 0.065 seconds
[2025-03-28T10:44:40.412+0800] {processor.py:186} INFO - Started process (PID=47546) to work on /root/bt4301-group-5/airflow/dags/datapipeline-airflow.py
[2025-03-28T10:44:40.413+0800] {processor.py:914} INFO - Processing file /root/bt4301-group-5/airflow/dags/datapipeline-airflow.py for tasks to queue
[2025-03-28T10:44:40.417+0800] {logging_mixin.py:190} INFO - [2025-03-28T10:44:40.417+0800] {dagbag.py:588} INFO - Filling up the DagBag from /root/bt4301-group-5/airflow/dags/datapipeline-airflow.py
[2025-03-28T10:44:40.436+0800] {processor.py:925} INFO - DAG(s) 'datapipeline-airflow' retrieved from /root/bt4301-group-5/airflow/dags/datapipeline-airflow.py
[2025-03-28T10:44:40.453+0800] {logging_mixin.py:190} INFO - [2025-03-28T10:44:40.453+0800] {dag.py:3239} INFO - Sync 1 DAGs
[2025-03-28T10:44:40.466+0800] {logging_mixin.py:190} INFO - [2025-03-28T10:44:40.466+0800] {dag.py:4180} INFO - Setting next_dagrun for datapipeline-airflow to 2025-03-28 02:43:00+00:00, run_after=2025-03-28 02:44:00+00:00
[2025-03-28T10:44:40.476+0800] {processor.py:208} INFO - Processing /root/bt4301-group-5/airflow/dags/datapipeline-airflow.py took 0.075 seconds
[2025-03-28T10:45:10.713+0800] {processor.py:186} INFO - Started process (PID=47877) to work on /root/bt4301-group-5/airflow/dags/datapipeline-airflow.py
[2025-03-28T10:45:10.715+0800] {processor.py:914} INFO - Processing file /root/bt4301-group-5/airflow/dags/datapipeline-airflow.py for tasks to queue
[2025-03-28T10:45:10.718+0800] {logging_mixin.py:190} INFO - [2025-03-28T10:45:10.717+0800] {dagbag.py:588} INFO - Filling up the DagBag from /root/bt4301-group-5/airflow/dags/datapipeline-airflow.py
[2025-03-28T10:45:10.736+0800] {processor.py:925} INFO - DAG(s) 'datapipeline-airflow' retrieved from /root/bt4301-group-5/airflow/dags/datapipeline-airflow.py
[2025-03-28T10:45:10.753+0800] {logging_mixin.py:190} INFO - [2025-03-28T10:45:10.753+0800] {dag.py:3239} INFO - Sync 1 DAGs
[2025-03-28T10:45:10.763+0800] {logging_mixin.py:190} INFO - [2025-03-28T10:45:10.763+0800] {dag.py:4180} INFO - Setting next_dagrun for datapipeline-airflow to 2025-03-28 02:44:00+00:00, run_after=2025-03-28 02:45:00+00:00
[2025-03-28T10:45:10.772+0800] {processor.py:208} INFO - Processing /root/bt4301-group-5/airflow/dags/datapipeline-airflow.py took 0.067 seconds
[2025-03-28T10:45:41.025+0800] {processor.py:186} INFO - Started process (PID=48243) to work on /root/bt4301-group-5/airflow/dags/datapipeline-airflow.py
[2025-03-28T10:45:41.026+0800] {processor.py:914} INFO - Processing file /root/bt4301-group-5/airflow/dags/datapipeline-airflow.py for tasks to queue
[2025-03-28T10:45:41.029+0800] {logging_mixin.py:190} INFO - [2025-03-28T10:45:41.028+0800] {dagbag.py:588} INFO - Filling up the DagBag from /root/bt4301-group-5/airflow/dags/datapipeline-airflow.py
[2025-03-28T10:45:41.043+0800] {processor.py:925} INFO - DAG(s) 'datapipeline-airflow' retrieved from /root/bt4301-group-5/airflow/dags/datapipeline-airflow.py
[2025-03-28T10:45:41.062+0800] {logging_mixin.py:190} INFO - [2025-03-28T10:45:41.062+0800] {dag.py:3239} INFO - Sync 1 DAGs
[2025-03-28T10:45:41.073+0800] {logging_mixin.py:190} INFO - [2025-03-28T10:45:41.072+0800] {dag.py:4180} INFO - Setting next_dagrun for datapipeline-airflow to 2025-03-28 02:44:00+00:00, run_after=2025-03-28 02:45:00+00:00
[2025-03-28T10:45:41.082+0800] {processor.py:208} INFO - Processing /root/bt4301-group-5/airflow/dags/datapipeline-airflow.py took 0.067 seconds
[2025-03-28T10:46:11.327+0800] {processor.py:186} INFO - Started process (PID=48552) to work on /root/bt4301-group-5/airflow/dags/datapipeline-airflow.py
[2025-03-28T10:46:11.329+0800] {processor.py:914} INFO - Processing file /root/bt4301-group-5/airflow/dags/datapipeline-airflow.py for tasks to queue
[2025-03-28T10:46:11.334+0800] {logging_mixin.py:190} INFO - [2025-03-28T10:46:11.332+0800] {dagbag.py:588} INFO - Filling up the DagBag from /root/bt4301-group-5/airflow/dags/datapipeline-airflow.py
[2025-03-28T10:46:11.366+0800] {processor.py:925} INFO - DAG(s) 'datapipeline-airflow' retrieved from /root/bt4301-group-5/airflow/dags/datapipeline-airflow.py
[2025-03-28T10:46:11.382+0800] {logging_mixin.py:190} INFO - [2025-03-28T10:46:11.382+0800] {dag.py:3239} INFO - Sync 1 DAGs
[2025-03-28T10:46:11.395+0800] {logging_mixin.py:190} INFO - [2025-03-28T10:46:11.394+0800] {dag.py:4180} INFO - Setting next_dagrun for datapipeline-airflow to 2025-03-28 02:45:00+00:00, run_after=2025-03-28 02:46:00+00:00
[2025-03-28T10:46:11.405+0800] {processor.py:208} INFO - Processing /root/bt4301-group-5/airflow/dags/datapipeline-airflow.py took 0.085 seconds
[2025-03-28T10:46:41.534+0800] {processor.py:186} INFO - Started process (PID=48917) to work on /root/bt4301-group-5/airflow/dags/datapipeline-airflow.py
[2025-03-28T10:46:41.535+0800] {processor.py:914} INFO - Processing file /root/bt4301-group-5/airflow/dags/datapipeline-airflow.py for tasks to queue
[2025-03-28T10:46:41.539+0800] {logging_mixin.py:190} INFO - [2025-03-28T10:46:41.538+0800] {dagbag.py:588} INFO - Filling up the DagBag from /root/bt4301-group-5/airflow/dags/datapipeline-airflow.py
[2025-03-28T10:46:41.559+0800] {processor.py:925} INFO - DAG(s) 'datapipeline-airflow' retrieved from /root/bt4301-group-5/airflow/dags/datapipeline-airflow.py
[2025-03-28T10:46:41.578+0800] {logging_mixin.py:190} INFO - [2025-03-28T10:46:41.578+0800] {dag.py:3239} INFO - Sync 1 DAGs
[2025-03-28T10:46:41.588+0800] {logging_mixin.py:190} INFO - [2025-03-28T10:46:41.588+0800] {dag.py:4180} INFO - Setting next_dagrun for datapipeline-airflow to 2025-03-28 02:45:00+00:00, run_after=2025-03-28 02:46:00+00:00
[2025-03-28T10:46:41.597+0800] {processor.py:208} INFO - Processing /root/bt4301-group-5/airflow/dags/datapipeline-airflow.py took 0.075 seconds
[2025-03-28T10:47:11.733+0800] {processor.py:186} INFO - Started process (PID=49226) to work on /root/bt4301-group-5/airflow/dags/datapipeline-airflow.py
[2025-03-28T10:47:11.734+0800] {processor.py:914} INFO - Processing file /root/bt4301-group-5/airflow/dags/datapipeline-airflow.py for tasks to queue
[2025-03-28T10:47:11.736+0800] {logging_mixin.py:190} INFO - [2025-03-28T10:47:11.735+0800] {dagbag.py:588} INFO - Filling up the DagBag from /root/bt4301-group-5/airflow/dags/datapipeline-airflow.py
[2025-03-28T10:47:11.747+0800] {processor.py:925} INFO - DAG(s) 'datapipeline-airflow' retrieved from /root/bt4301-group-5/airflow/dags/datapipeline-airflow.py
[2025-03-28T10:47:11.767+0800] {logging_mixin.py:190} INFO - [2025-03-28T10:47:11.767+0800] {dag.py:3239} INFO - Sync 1 DAGs
[2025-03-28T10:47:11.779+0800] {logging_mixin.py:190} INFO - [2025-03-28T10:47:11.779+0800] {dag.py:4180} INFO - Setting next_dagrun for datapipeline-airflow to 2025-03-28 02:46:00+00:00, run_after=2025-03-28 02:47:00+00:00
[2025-03-28T10:47:11.788+0800] {processor.py:208} INFO - Processing /root/bt4301-group-5/airflow/dags/datapipeline-airflow.py took 0.060 seconds
[2025-03-28T10:47:41.974+0800] {processor.py:186} INFO - Started process (PID=49596) to work on /root/bt4301-group-5/airflow/dags/datapipeline-airflow.py
[2025-03-28T10:47:41.975+0800] {processor.py:914} INFO - Processing file /root/bt4301-group-5/airflow/dags/datapipeline-airflow.py for tasks to queue
[2025-03-28T10:47:41.979+0800] {logging_mixin.py:190} INFO - [2025-03-28T10:47:41.978+0800] {dagbag.py:588} INFO - Filling up the DagBag from /root/bt4301-group-5/airflow/dags/datapipeline-airflow.py
[2025-03-28T10:47:41.997+0800] {processor.py:925} INFO - DAG(s) 'datapipeline-airflow' retrieved from /root/bt4301-group-5/airflow/dags/datapipeline-airflow.py
[2025-03-28T10:47:42.016+0800] {logging_mixin.py:190} INFO - [2025-03-28T10:47:42.016+0800] {dag.py:3239} INFO - Sync 1 DAGs
[2025-03-28T10:47:42.028+0800] {logging_mixin.py:190} INFO - [2025-03-28T10:47:42.028+0800] {dag.py:4180} INFO - Setting next_dagrun for datapipeline-airflow to 2025-03-28 02:46:00+00:00, run_after=2025-03-28 02:47:00+00:00
[2025-03-28T10:47:42.038+0800] {processor.py:208} INFO - Processing /root/bt4301-group-5/airflow/dags/datapipeline-airflow.py took 0.073 seconds
[2025-03-28T10:48:12.214+0800] {processor.py:186} INFO - Started process (PID=49903) to work on /root/bt4301-group-5/airflow/dags/datapipeline-airflow.py
[2025-03-28T10:48:12.215+0800] {processor.py:914} INFO - Processing file /root/bt4301-group-5/airflow/dags/datapipeline-airflow.py for tasks to queue
[2025-03-28T10:48:12.218+0800] {logging_mixin.py:190} INFO - [2025-03-28T10:48:12.217+0800] {dagbag.py:588} INFO - Filling up the DagBag from /root/bt4301-group-5/airflow/dags/datapipeline-airflow.py
[2025-03-28T10:48:12.234+0800] {processor.py:925} INFO - DAG(s) 'datapipeline-airflow' retrieved from /root/bt4301-group-5/airflow/dags/datapipeline-airflow.py
[2025-03-28T10:48:12.256+0800] {logging_mixin.py:190} INFO - [2025-03-28T10:48:12.255+0800] {dag.py:3239} INFO - Sync 1 DAGs
[2025-03-28T10:48:12.266+0800] {logging_mixin.py:190} INFO - [2025-03-28T10:48:12.266+0800] {dag.py:4180} INFO - Setting next_dagrun for datapipeline-airflow to 2025-03-28 02:47:00+00:00, run_after=2025-03-28 02:48:00+00:00
[2025-03-28T10:48:12.275+0800] {processor.py:208} INFO - Processing /root/bt4301-group-5/airflow/dags/datapipeline-airflow.py took 0.070 seconds
[2025-03-28T10:48:42.412+0800] {processor.py:186} INFO - Started process (PID=50419) to work on /root/bt4301-group-5/airflow/dags/datapipeline-airflow.py
[2025-03-28T10:48:42.414+0800] {processor.py:914} INFO - Processing file /root/bt4301-group-5/airflow/dags/datapipeline-airflow.py for tasks to queue
[2025-03-28T10:48:42.418+0800] {logging_mixin.py:190} INFO - [2025-03-28T10:48:42.417+0800] {dagbag.py:588} INFO - Filling up the DagBag from /root/bt4301-group-5/airflow/dags/datapipeline-airflow.py
[2025-03-28T10:48:42.434+0800] {processor.py:925} INFO - DAG(s) 'datapipeline-airflow' retrieved from /root/bt4301-group-5/airflow/dags/datapipeline-airflow.py
[2025-03-28T10:48:42.452+0800] {logging_mixin.py:190} INFO - [2025-03-28T10:48:42.451+0800] {dag.py:3239} INFO - Sync 1 DAGs
[2025-03-28T10:48:42.462+0800] {logging_mixin.py:190} INFO - [2025-03-28T10:48:42.462+0800] {dag.py:4180} INFO - Setting next_dagrun for datapipeline-airflow to 2025-03-28 02:47:00+00:00, run_after=2025-03-28 02:48:00+00:00
[2025-03-28T10:48:42.474+0800] {processor.py:208} INFO - Processing /root/bt4301-group-5/airflow/dags/datapipeline-airflow.py took 0.072 seconds
